50-00-0
50-32-8
51-28-5
51-75-2
53-70-3
56-23-5
56-38-2
56-55-3
57-06-7
57-12-5
57-74-9
57-92-1
58-89-9
60-29-7
60-34-4
60-51-5
60-57-1
62-53-3
62-73-7
62-75-9
67-64-1
67-66-3
67-72-1
68-12-2
71-23-8
71-43-2
71-55-6
72-20-8
72-43-5
74-82-8
74-83-9
74-87-3
74-90-8
74-93-9
75-00-3
75-01-4
75-05-8
75-09-2
75-15-0
75-25-2
75-34-3
75-35-4
75-44-5
75-45-6
75-56-9
75-60-5
75-74-1
75-86-5
75-91-2
75-99-0
76-02-8
76-06-2
76-44-8
76-93-7
77-47-4
77-78-1
77-81-6
78-00-2
78-48-8
78-53-5
78-93-3
78-95-5
79-00-5
79-01-6
79-04-9
79-06-1
79-10-7
79-11-8
79-20-9
79-22-1
79-34-5
79-41-4
79-94-7
80-05-7
80-62-6
81-14-1
81-15-2
82-68-8
83-32-9
84-74-2
85-01-8
85-68-7
86-30-6
86-50-0
86-74-8
87-61-6
87-68-3
87-86-5
88-06-2
88-12-0
88-72-2
90-04-0
91-08-7
91-20-3
91-57-6
91-94-1
92-67-1
92-87-5
94-74-6
94-82-6
95-33-0
95-48-7
95-50-1
95-51-2
95-57-8
95-76-1
95-80-7
95-95-4
96-12-8
96-18-4
96-64-0
98-01-1
98-54-4
98-73-7
98-82-8
98-95-3
99-35-4
100-02-7
100-41-4
100-42-5
100-97-0
101-14-4
101-68-8
101-77-9
101-21-3
102-71-6
103-11-7
103-23-1
105-59-9
105-67-9
106-42-3
106-44-5
106-46-7
106-93-4
106-99-0
107-02-8
107-06-2
107-11-9
107-13-1
107-14-2
107-18-6
107-44-8
107-49-3
107-64-2
107-98-2
108-05-4
108-10-1
108-23-6
108-65-6
108-88-3
108-90-7
108-95-2
109-61-5
109-66-0
109-93-4
110-49-6
110-65-6
110-80-5
110-82-7
110-85-0
111-15-9
111-36-4
111-44-4
111-48-8
111-76-2
111-77-3
112-07-2
112-34-5
112-90-3
115-29-7
115-96-8
117-81-7
117-84-0
118-74-1
118-96-7
120-12-7
120-36-5
120-82-1
120-83-2
121-14-2
121-45-9
121-82-4
122-39-4
122-52-1
122-66-7
123-73-9
123-91-1
124-30-1
124-48-1
124-63-0
127-18-4
129-00-0
132-64-9
132-65-0
133-90-4
139-87-7
141-59-3
141-97-9
151-56-4
156-60-5
193-39-5
205-99-2
206-44-0
207-08-9
218-01-9
298-00-0
302-01-2
302-04-5
309-00-2
314-40-9
319-84-6
319-85-7
319-86-8
329-99-7
333-41-5
353-50-4
354-32-5
382-21-8
460-19-5
463-58-1
464-07-3
503-38-8
504-24-5
505-60-2
506-77-4
532-27-4
534-52-1
538-07-8
540-59-0
540-73-8
541-25-3
541-41-3
541-73-1
543-27-1
555-77-1
557-05-1
584-84-9
591-78-6
592-34-7
593-89-5
594-42-3
606-20-2
608-73-1
608-93-5
621-64-7
630-08-0
674-82-8
676-97-1
676-99-3
683-53-4
688-73-3
696-28-6
712-48-1
732-11-6
741-58-2
756-79-6
759-94-4
762-04-9
868-85-9
886-50-0
935-95-5
994-05-8
1024-57-3
1031-07-8
1163-19-5
1222-05-5
1300-21-6
1319-77-3
1330-20-7
1336-36-3
1445-76-7
1498-40-4
1506-02-1
1570-64-5
1582-09-8
1596-84-5
1609-86-5
1619-34-7
1634-04-4
1746-01-6
1794-86-1
1795-48-8
1861-32-1
1918-00-9
1918-02-1
2008-41-5
2157-98-4
2164-17-2
2212-67-1
2227-17-0
2540-82-1
2625-76-5
2698-41-1
2699-79-8
3383-96-8
3563-36-8
5103-71-9
5103-74-2
5234-68-4
5902-51-2
6581-06-2
7040-57-5
7085-19-0
7287-19-6
7421-93-4
7446-11-9
7487-94-7
7637-07-2
7647-01-0
764719-0
7664-39-3
7664-41-7
7664-93-9
7697-37-2
7704-34-9
7719-09-7
7719-12-2
7722-84-1
7723-14-0
7726-95-6
7773-06-0
7779-90-0
7782-41-4
7782-49-2
7782-50-5
7783-06-4
7783-07-5
7783-61-1
7783-79-1
7783-80-4
7784-18-1
7784-34-1
7784-42-1
7787-71-5
7789-30-2
7790-91-2
7790-94-5
7791-25-5
7803-51-2
7803-52-3
8001-35-2
8001-50-1
8018-01-7
9006-42-2
10025-67-9
10025-87-3
10026-13-8
10034-85-2
10035-10-6
10043-35-3
10043-66-0
10043-92-2
10045-97-3
10061-01-5
10061-02-6
10102-43-9
10102-44-0
10294-33-4
10294-34-5
10545-99-0
11096-82-5
11097-69-1
11100-14-4
11104-28-2
11113-50-1
11141-16-5
11141-17-6
12002-48-1
12122-67-7
12427-38-2
12672-29-6
12674-11-2
12767-79-2
13194-48-4
13637-63-3
13674-84-5
13674-87-8
13826-41-3
13863-41-7
15096-52-3
15299-99-7
16672-87-0
17462-58-7
17804-35-2
19044-88-3
19287-45-7
23525-22-6
25057-89-0
25154-52-3
25167-70-8
25167-83-3
25321-14-6
25321-22-6
25322-20-7
25323-89-1
25429-29-2
25637-99-4
26447-40-5
26523-78-4
26644-46-2
26761-40-0
26914-33-0
27154-33-2
27304-13-8
28553-12-0
28655-71-2
30402-15-4
30560-19-1
30899-19-5
32534-81-9
32536-52-0
33089-61-1
33213-65-9
33213-65-9
34006-76-3
35367-38-5
35523-89-8
35822-46-9
36088-22-9
37248-47-8
37324-23-5
37871-00-4
38051-10-4
38998-75-3
39001-02-0
39300-45-3
40334-69-8
40334-70-1
40596-69-8
41903-57-5
42534-61-2
42874-03-3
42934-53-2
50782-69-9
51207-31-9
51218-45-2
52315-07-8
52645-53-1
53469-21-9
53494-70-5
55335-06-3
55684-94-1
55880-77-8
56534-02-2
56573-85-4
56641-38-4
56832-73-6
57117-31-4
57837-19-1
57856-11-8
63869-13-6
63905-10-2
63918-89-8
63918-90-1
67485-29-4
67708-83-2
67774-32-7
67774-74-7
68038-71-1
68515-48-0
68515-49-1
69806-40-2
70124-77- 5
71328-89-7
71751-41-2
73467-76-2
74051-80-2
74222-97-2
77501-63-4
79127-80-3
81335-37-7
81335-77-5
81777-89-1
82657-04-3
84852-15-3
85535-84-8
85535-85-9
99129-21-2
100646-51-3
111991-09-4
113036-87-6
130498-29-2
142868-93-7
142868-94-8




 1333-74-0 
 7439-93-2 
 21369-64-2 
 1304-56-9 
 7637-07-2 
 10294-34-5 
 10294-33-4 
 121-43-7 
 75113-37-0 
 630-08-0 
 75-44-5 
 75-15-0 
 74-90-8 
 86-88-4 
 119-38-0 
 122-15-6 
 137-42-8 
 142-59-6 
 2032-59-9 
 2303-16-4 
 101-27-9 
 1563-67-3 
 2032-65-7 
 140-93-2 
 28434-00-6
 84030-86-4
 973-21-7 
 6988-21-2 
 22259-30-9 
 1746-81-2 
 19937-59-8 
 1114-71-2 
 23103-98-2 
 2631-37-0 
 95-06-7 
 2532-43-6 
 79-44-7 
 150-68-5 
 140-41-0 
 34123-59-6 
 8065-36-9 
 29973-13-5 
 4482-55-7 
 14484-64-1 
 23422-53-9 
 2631-40-5 
 315-18-4 
 2425-10-7 
 1129-41-5 
 1929-82-4 
 19622-19-6 
 28249-77-6 
 39196-18-4 
 15271-41-7 
 23564-05-8 
 60568-05-0 
 52888-80-9 
 2094-99-7 
 97-77-8 
 97-74-5 
 136-23-2 
 14324-55-1 
 34681-10-2 
 55285-14-8 
 3766-81-2 
 72490-01-8 
 65907-30-4 
 82560-54-1 
 10049-04-4 
 10049-04-4 
 7664-41-7 
 1336-21-6 
 10102-44-0
 10544-72-6
 7697-37-2 
 109-95-5 
 625-58-1 
 302-01-2 
 7632-00-0 
 7758-09-0 
 57-14-7 
 540-73-8 
 624-86-2 
 544-16-1 
 542-56-3 
 924-43-6 
 540-80-7 
 463-04-7
 110-46-3
 122-66-7 
 36362-09-1 
 81880-96-8 
 7782-44-7 
 7722-84-1 
 7782-41-4 
 7664-39-3 
 7664-39-3 
 7681-49-4 
 7789-23-3 
 12125-01-8 
 1333-83-1 
 7789-29-9 
 1341-49-7 
 16893-85-9
 16871-90-2
 16919-19-0
 25808-74-6 
 12091-08-6 
 16949-65-8 
 7440-23-5 
 1313-60-6 
 26628-22-8 
 7439-95-4 
 7429-90-5 
 55426-95-4 
 7585-14-0 
 10025-78-2 
 10026-04-7 
 75-78-5 
 75-79-6 
 78-10-4 
 85491-26-5 
 111439-76-0 
 17865-32-6 
 85509-19-9 
 52301-18-5 
 125613-45-8 
 121626-74-2 
 12185-10-3 
 7723-14-0 
 1305-99-3 
 12057-74-8 
 7719-12-2 
 10026-13-8 
 10025-87-3 
 1314-85-8 
 78-30-8 
 78-32-0 
 13171-21-6 
 108-34-9 
 1031-47-6 
 107-49-3 
 152-16-9 
 3689-24-5 
 298-03-3 
 126-75-0 
 867-27-6 
 2275-18-5 
 2104-64-5 
 2275-14-1 
 500-28-7 
 786-19-6 
 2595-54-2 
 301-12-2 
 2778-04-3 
 640-15-3 
 299-84-3 
 2642-71-9 
 144-41-2 
 2275-23-2 
 115-26-4 
 371-86-8 
 78-34-2 
 4824-78-6 
 2703-37-9 
 97-17-6 
 3734-95-0 
 470-90-6 
 6923-22-4 
 299-86-5 
 2635-50-9 
 7076-53-1 
 17040-19-6 
 3244-90-4 
 115-78-6 
 572-48-5 
 2636-26-2 
 10311-84-9 
 115-90-2 
 4104-14-7 
 21609-90-5 
 950-10-7 
 2497-07-6 
 327-98-0 
 23505-41-1 
 115-96-8 
 7789-60-8 
 1314-80-3 
 101-02-0 
 13194-48-4 
 7700-17-6 
 13067-93-1 
 947-02-4 
 297-97-2 
 24934-91-6 
 21923-23-9 
 682-80-4 
 2587-90-8 
 3254-63-5 
 17109-49-8 
 21548-32-3 
 23560-59-0 
 5827-05-4 
 36614-38-7 
 18854-01-8 
 953-17-3 
 13457-18-6 
 13593-03-8 
 24017-47-8 
 3811-49-2 
 42509-80-8 
 30864-28-9
 30864-28-9
 145052-34-2 
 98886-44-3 
 117291-73-3 
 82857-68-9 
 35000-38-5 
 116163-96-3 
 25383-07-7 
 166242-53-1 
 7783-06-4 
 21109-95-5 
 50864-67-0 
 20548-54-3 
 1344-81-6 
 1312-73-8 
 37199-66-9 
 9080-17-5 
 1313-82-2 
 1344-08-7 
 7446-09-5 
 10025-67-9 
 10545-99-0 
 13451-08-6 
 7719-09-7 
 7791-25-5 
 7790-94-5 
 74-93-1 
 75-08-1 
 77-78-1 
 1468-37-7 
 7775-14-6 
 13360-57-1 
 102561-46-6 
 17339-60-5 
 7727-54-0 
 7727-21-1 
 17606-31-4 
 84057-97-6 
 155160-86-4 
 141915-64-2 
 136248-03-8 
 112195-27-4 
 41481-66-7 
 131538-00-6 
 126801-58-9 
 135158-54-2 
 94125-34-5 
 104040-78-0 
 7782-50-5 
 7647-01-0 
 13477-00-4 
 3811-04-9 
 7601-90-3 
 13465-95-7 
 7778-74-7 
 7790-98-9 
 7601-89-0 
 7778-54-3 
 7440-09-7 
 592-01-8 
 7550-45-0 
 125051-32-3 
 1333-82-0 
 7778-50-9 
 7789-09-5 
 10588-01-9 
 7789-12-0 
 14977-61-8 
 7789-00-6 
 13765-19-0 
 7789-06-2 
 24613-89-6 
 7775-11-3 
 7722-64-7 
 7785-87-7 
 116633-53-5 
 1307-96-6 
 1317-42-6 
 7646-79-9 
 10124-43-3 
 13463-39-3 
 16812-54-7 
 12035-72-2 
 12054-48-7 
 7786-81-4 
 3333-67-3 
 7758-89-6 
 1338-02-9 
 89797-01-3 
 54253-62-2 
 7440-66-6 
 7646-85-7 
 544-97-8
 557-20-0
 7733-02-0 
 42405-40-3 
 113036-91-2 
 1327-53-3 
 1303-28-2 
 7784-42-1 
 4262-43-5 
 7782-49-2 
 7726-95-6 
 7758-01-2 
 7440-67-7 
 116810-46-9 
 7761-88-8 
 1306-19-0 
 4464-23-7 
 542-83-6 
 17010-21-8 
 7790-79-6 
 7790-80-9 
 10108-64-2 
 10124-36-4 
 1306-23-6 
 13121-70-5 
 900-95-8 
 76-87-9 
 20153-49-5
 25637-27-8
 20153-50-8 
 1449-55-4
 3091-32-5
 7067-44-9
 13356-08-6 
 41083-11-8 
 869-59-0 
 10025-91-9 
 7647-18-9 
 7783-56-4 
 7553-56-2 
 1304-29-6 
 10361-37-2 
 20816-12-0 
 13820-41-2 
 10026-00-3 
 10025-99-7 
 16923-58-3 
 16921-30-5 
 16919-58-7 
 16941-12-1 
 7439-97-6 
 10112-91-1 
 628-86-4 
 1335-31-5 
 593-74-8
 627-44-1
 55-68-5
 100-57-2
 8003-05-2
 123-88-6 
 7487-94-7 
 62-38-4 
 7440-28-0 
 7446-18-6 
 13424-46-9 
 7758-97-6 
 301-04-2 
 7446-27-7 
 1335-32-6 
 1344-37-2 
 12656-85-8 
 7784-40-9 
 7440-61-1 
 74-82-8 
 74-84-0 
 74-98-6 
 106-97-8
 75-28-5
 106-97-8
 75-28-5
 463-82-1 
 109-66-0
 78-78-4
 74-85-1 
 115-07-1 
 106-98-9
 107-01-7
 115-11-7
 590-18-1
 624-64-6
 106-99-0 
 78-79-5 
 74-86-2 
 75-19-4 
 110-82-7 
 589-90-2 
 95-47-6
 106-42-3
 108-38-3
 100-41-4 
 98-82-8
 103-65-1
 108-67-8 
 100-42-5 
 98-83-9 
 611-15-4 
 138-86-3
 5989-27-5
 5989-54-8
 6876-12-6
 7705-14-8
 107-39-1 
 50-32-8 
 56-55-3 
 205-99-2 
 205-82-3 
 207-08-9 
 110-54-3 
 53-70-3 
 95-63-6 
 77-73-6 
 119-64-2 
 42152-47-6 
 17092-80-7 
 218-01-9 
 192-97-2 
 768-56-9 
 25154-52-3
 74-87-3 
 74-88-4 
 75-00-3 
 106-93-4 
 79-34-5 
 79-27-6 
 76-01-7 
 540-54-5
 75-29-6
 106-94-5 
 78-87-5 
 96-12-8 
 543-59-9
 625-29-6
 616-20-6
 75-01-4 
 593-60-2 
 75-35-4 
 156-59-2
 156-60-5
 127-18-4 
 107-05-1 
 542-75-6
 10061-01-5
 563-58-6 
 563-47-3 
 108-90-7 
 95-50-1 
 106-46-7 
 126-99-8 
 100-44-7 
 98-07-7 
 1336-36-3 
 95-49-8
 108-41-8
 106-43-4
 25168-05-2
 1321-64-8 
 8001-35-2 
 465-73-6 
 72-20-8 
 297-78-9 
 556-56-9 
 74-96-4 
 98-08-8 
 98-87-3 
 109-69-3 
 108-86-1 
 1024-57-3 
 96-23-1 
 118-75-2 
 541-73-1 
 7572-29-4 
 77227-99-7 
 99688-47-8 
 76253-60-6 
 764-41-0 
 608-93-5 
 22432-68-4 
 2431-50-7 
 2385-85-5 
 77-47-4 
 78-88-6 
 85535-84-8 
 109678-33-3 
 32534-81-9 
 75-26-3 
 120-82-1 
 96-13-9 
 60811-21-4 
 121626-73-1 
 1435-48-9 
 138526-69-9 
 67-56-1 
 64-17-5 
 71-23-8 
 71-36-3 
 30899-19-5 
 75-85-4 
 108-11-2 
 109-86-4 
 110-80-5 
 107-18-6 
 115-10-6 
 540-67-0 
 107-25-5 
 60-29-7 
 75-21-8 
 123-91-1 
 109-99-9 
 106-89-8 
 107-07-3 
 111-44-4 
 110-71-4 
 628-96-6 
 693-21-0 
 55-63-0 
 78-11-5 
 15825-70-4 
 106-92-3 
 2426-08-6 
 124-41-4
 865-33-8
 865-34-9
 917-58-8
 141-52-6
 555-31-7 
 108-20-3 
 111-43-3
 542-88-1 
 108-01-0 
 100-37-8 
 80-06-8 
 142-96-1 
 75-56-9 
 2186-24-5
 2186-25-6
 2210-79-9
 26447-14-3
 503-30-0 
 1464-53-5 
 556-52-5 
 107-98-2 
 106-87-6 
 25068-38-6 
 107-30-2 
 110-65-6 
 108-16-7 
 107-19-7 
 52-51-7 
 92585-24-5 
 87818-31-3 
 2807-30-9 
 7778-85-0 
 106-88-7 
 60168-88-9 
 110-00-9 
 1589-47-5 
 78-83-1 
 67-63-0 
 38411-13-1 
 122760-84-3 
 84563-49-5 
 89544-40-1 
 57018-52-7 
 111-96-6 
 57044-25-4 
 111850-00-1 
 129228-11-1 
 105812-81-5 
 17351-75-6 
 63767-86-2 
 107898-54-4 
 5406-86-0 
 139504-68-0 
 153519-44-9 
 89544-48-9 
 118562-73-5 
 10221-57-5 
 3459-83-4 
 144736-29-8 
 51594-55-9 
 108-95-2 
 131-52-2
 7778-73-6
 108-39-4
 95-48-7
 106-44-5
 1319-77-3
 123-31-9 
 95-65-8
 95-87-4
 105-67-9
 526-75-0
 576-26-1
 1300-71-6
 71975-58-1
 135-19-3 
 106-48-9
 108-43-0
 25167-80-0
 108-46-3 
 1570-64-5 
 58-90-2 
 59-50-7 
 70-30-4 
 95-95-4 
 88-06-2 
 97-23-4 
 90-43-7 
 132-27-4 
 6807-17-6 
 399-95-1 
 89-83-8 
 24342-03-8 
 24197-34-0 
 90884-29-0 
 108-68-9 
 66441-23-4 
 50594-66-6
 104-91-6 
 700-13-0 
 95235-30-6 
 27955-94-8 
 93589-69-6 
 1570-64-5 
 157661-93-3 
 99610-72-7 
 54914-85-1 
 3236-71-3 
 3131-52-0 
 50-00-0 
 75-07-0 
 123-63-7 
 123-72-8 
 534-15-6 
 107-02-8 
 4170-30-3
 123-73-9
 98-01-1 
 302-17-0 
 105-57-7 
 646-06-0 
 123-38-6 
 111-30-8 
 107-20-0 
 114119-97-0 
 125109-85-5 
 2109-22-0 
 67-64-1 
 78-93-3 
 106-35-4 
 108-10-1 
 108-83-8 
 96-22-0 
 563-80-4 
 141-79-7 
 108-94-1 
 583-60-8 
 106-51-4 
 3691-35-8 
 83-26-1 
 674-82-8 
 117-80-6 
 541-85-5 
 92-43-3 
 107-70-0 
 110-43-0 
 120-92-3 
 110-12-3 
 123-19-3 
 565-80-0 
 123-54-6 
 591-78-6 
 57-57-8 
 116-16-5 
 20354-26-1 
 1698-60-8 
 2439-01-2 
 55845-90-4 
 71868-10-5 
 13019-04-0 
 954-16-5 
 19666-30-9 
 3100-36-5 
 119313-12-1 
 72453-58-8 
 61203-83-6 
 96525-23-4 
 141112-29-0 
 92836-10-7 
 116412-83-0 
 66938-41-8 
 64-19-7 
 79-11-8 
 76-03-9 
 650-51-1 
 108-24-7 
 75-36-5 
 616-38-6 
 107-31-3 
 109-94-4 
 110-74-7
 625-55-8
 592-84-7
 762-75-4
 542-55-2
 110-45-2
 638-49-3
 35073-27-9
 79-22-1 
 541-41-3 
 79-20-9 
 141-78-6 
 108-05-4 
 109-60-4
 108-21-4
 123-86-4 
 110-19-0
 554-12-1 
 105-37-3 
 590-01-2
 591-34-4
 20487-40-5
 540-42-1
 106-36-5 
 109-21-7 
 140-88-5 
 97-88-1 
 96-33-3 
 80-62-6 
 93-76-5 
 93-72-1 
 129-67-9 
 5543-57-7
 5543-58-8
 117-52-2 
 5836-29-3 
 66-76-2 
 79-10-7 
 141-32-2 
 501-53-1 
 79-08-3 
 79-43-6 
 79-36-7 
 64-69-7 
 105-36-2 
 105-39-5 
 97-63-2 
 818-61-1 
 85-34-7 
 14437-17-3 
 136-25-4 
 4301-50-2 
 4234-79-1 
 79-04-9 
 144-49-0 
 94-82-6 
 131-17-9 
 68-11-1 
 547-64-8
 2155-30-8
 17392-83-5
 27871-49-4 
 79-03-8 
 79-21-0 
 2223-82-7 
 97-86-9 
 106-63-8 
 3066-71-5 
 106-90-1 
 4074-88-8 
 97-64-3
 687-47-8
 628-63-7
 123-92-2
 626-38-0
 624-41-9
 84145-37-9
 105-68-0
 624-54-4
 2438-20-2
 141-75-3 
 592-34-7 
 79-30-1 
 106-75-2 
 109-61-5 
 2312-35-8 
 50-31-7 
 22212-55-1 
 2079-00-7 
 80-33-1 
 56073-07-5 
 3926-62-3 
 2487-01-6 
 83-59-0 
 62-74-8 
 31895-22-4 
 56073-10-0 
 39562-27-1 
 83055-99-6 
 101513-70-6 
 85702-90-5 
 100181-71-3 
 108-65-6 
 463-71-8 
 96-34-4 
 105-48-6 
 91853-67-7 
 6386-39-6 
 67567-23-1 
 19247-05-3 
 62268-47-7 
 63740-41-0 
 118712-89-3 
 39562-17-9 
 15980-11-7 
 1702-17-6 
 55512-33-9 
 2499-95-8 
 467-69-6 
 72850-64-7 
 39515-41-8 
 117-08-8 
 29590-42-9 
 96-05-9 
 142-90-5 
 42978-66-5 
 70657-70-4 
 68359-37-5 
 131860-33-8 
 637-78-5 
 118232-72-7 
 130296-87-6 
 156324-82-2 
 154486-27-8 
 54527-73-0 
 127519-17-9 
 15121-89-8 
 136213-76-8 
 97101-46-7 
 69806-50-4 
 84332-86-5 
 128639-02-1 
 143390-89-0 
 25059-80-7 
 40292-82-8 
 26225-79-6 
 81591-81-3 
 84-74-2 
 130066-57-8 
 73246-45-4 
 107144-30-9 
 141847-13-4 
 127047-77-2 
 70264-94-7 
 50715-28-1 
 72619-32-0 
 122760-85-4 
 125078-60-6 
 26116-56-3 
 69788-75-6 
 69184-17-4 
 80657-64-3 
 2511-00-4 
 15024-10-9 
 110895-43-7 
 41620-33-1 
 119738-06-6 
 37441-29-5 
 90035-08-8 
 23085-60-1 
 97148-39-5 
 75-05-8 
 545-06-2 
 107-13-1 
 75-86-5 
 109-74-0 
 1689-84-5 
 1689-83-4 
 107-14-2 
 109-77-3 
 126-98-7 
 460-19-5 
 1194-65-6 
 1897-41-2 
 1689-99-2 
 3861-47-0 
 78-67-1 
 40188-41-8 
 114369-43-6 
 147374-67-2 
 147741-93-3 
 108-03-2 
 79-46-9 
 98-95-3 
 25154-54-5
 528-29-0
 99-35-4 
 99-99-0
 25321-14-6
 118-96-7 
 88-89-1 
 606-35-9 
 602-99-3 
 632-92-8 
 25550-58-7
 71629-74-8
 82-71-3 
 15245-44-0 
 534-52-1 
 2312-76-7
 5787-96-2
 2980-64-5 
 485-31-4 
 63919-26-6 
 131-89-5 
 1420-07-1 
 13181-17-4 
 4097-36-3 
 79-24-3 
 75-52-5 
 581-89-5 
 92-93-3 
 1836-75-5 
 51-28-5 
 117-18-0 
 8069-76-9 
 606-20-2 
 602-01-7 
 610-39-9 
 618-85-9 
 66-56-8
 329-71-5
 573-56-8
 577-71-9
 619-15-8 
 69094-18-4 
 3847-58-3 
 5428-02-4 
 131657-78-8 
 92952-81-3 
 94097-88-8 
 24403-04-1 
 59320-13-7 
 594-72-9 
 88-88-0 
 100-00-5 
 17742-69-7 
 121-87-9 
 35950-52-8 
 103-33-3 
 140-56-7 
 60-09-3 
 117409-78-6 
 116340-05-7 
 82027-60-9 
 107246-80-0 
 124584-00-5 
 115099-58-6 
 98809-11-1 
 117527-94-3 
 43151-99-1 
 136213-74-6 
 108225-03-2 
 124719-26-2 
 111850-24-9 
 130201-57-9 
 85665-98-1 
 131013-81-5 
 118208-02-9 
 117584-16-4 
 159604-94-1 
 136213-73-5 
 93672-52-7 
 89797-03-5 
 131013-83-7 
 74-89-5
 124-40-3
 75-50-3 
 74-89-5
 124-40-3
 75-50-3 
 75-04-7 
 109-89-7 
 121-44-8 
 109-73-9 
 107-15-3 
 75-31-0 
 62-53-3 
 88-74-4
 99-09-2
 100-01-6
 100-61-8 
 121-69-7 
 479-45-8 
 131-73-7 
 2844-92-0 
 134-32-7 
 91-59-8 
 59-88-1
 27140-08-5
 52033-74-6
 122-39-4 
 106-50-3 
 624-18-0 
 2836-04-6
 99-98-9
 96-96-8 
 94-70-2 [1]
 156-43-4
 97-02-9 
 119-93-7 
 92-87-5 
 107-11-9 
 142-84-7 
 111-92-2
 626-23-3
 108-91-8 
 101-77-9 
 513-49-5
 13250-12-9
 13952-84-6
 103-69-5 
 91-66-7 
 611-21-2
 696-44-6
 623-08-5
 99-97-8
 121-72-2
 609-72-3
 112-57-2 
 109-55-7 
 104-78-9 
 56-18-8 
 4067-16-7 
 101-83-7 
 91-94-1 
 103-83-3 
 108-00-9 
 598-56-1 
 62-75-9 
 101-14-4 
 93-05-0 
 62-56-6 
 70-25-7 
 838-88-0 
 13516-27-3 
 2243-62-1 
 95-53-4 
 104147-32-2 
 113694-52-3 
 492-80-8 
 621-64-7 
 95-80-7 
 78-90-0 
 100-97-0 
 105-83-9 
 110-18-9 
 3030-47-5 
 6864-37-5 
 823-40-5 
 104-94-9 
 106264-79-3 
 68132-19-4 
 119415-07-5 
 74070-46-5 
 68131-73-7 
 7803-49-8 
 5470-11-1
 10039-54-0
 10046-00-1
 138-24-9 
 95-70-5 
 65321-67-7 
 591-27-5 
 123-30-8 
 108-18-9 
 2095-01-4
 2095-02-5
 68479-98-1
 25646-77-9 
 25646-71-3 
 135-88-6 
 101-72-4 
 106-47-8 
 73250-68-7 
 63449-41-2 
 19900-65-3 
 2051-79-8 
 62924-70-3 
 95-54-5 
 615-28-1 
 108-45-2 
 541-69-5 
 102-06-7 
 118134-30-8 
 25376-45-8 
 62478-82-4 
 540-23-8
 540-25-0
 87-62-7 
 107-64-2 
 65181-78-4 
 2840-00-8 
 130728-76-6 
 125328-86-1 
 143747-73-3 
 104295-55-8 
 4403-70-7 
 1134-94-7 
 151-56-4 
 110-86-1 
 535-89-7 
 1014-69-3 
 533-74-4 
 14255-88-0 
 3878-19-1 
 24602-86-6 
 3347-22-6 
 121-21-1 
 121-29-9 
 25402-06-6 
 121-20-0 
 110-89-4 
 110-91-8 
 2782-57-2 
 2244-21-5
 2893-78-9
 51580-86-0 
 87-90-1 
 75-55-8 
 109-06-8 
 108-89-4 
 15159-40-7 
 58594-72-2
 83918-57-4 
 644-64-4 
 6804-07-5 
 1420-06-0 
 101-05-3 
 43222-48-6 
 1593-77-7 
 26399-36-0 
 26259-45-0 
 1014-70-6 
 69045-82-5 
 91273-04-0 
 10357-99-0 
 82560-06-3 
 89415-87-2 
 106990-43-6 
 105254-85-1 
 106359-93-7 
 110-01-0 
 2634-33-5 
 4032-26-2
 94021-76-8
 2074-50-2
 66-71-7 
 2687-96-9 
 118685-34-0 
 124537-30-0 
 149-30-4 
 61432-55-1 
 26530-20-1 
 102-77-2 
 731-27-1 
 76714-88-0 
 37893-02-0 
 21564-17-0 
 28434-01-7 
 64902-72-3 
 75736-33-3 
 33813-20-6 
 67564-91-4 
 78587-05-0 
 67747-09-5 
 41394-05-2 
 79983-71-4 
 2593-15-9 
 88671-89-0 
 120-78-5 
 95-33-0 
 18691-97-9 
 124495-18-7 
 66-81-9 
 77497-97-3 
 4186-71-4 
 96489-71-3 
 89392-03-0 
 89402-43-7 
 83857-96-9 
 120928-09-8 
 120162-55-2 
 142459-58-3 
 144740-54-5 
 103361-09-7 
 55965-84-9 
 1484-13-5 
 694-64-4 
 79983-71-4 
 136426-54-5 
 112281-77-3 
 106325-08-0 
 4254-95-2 
 5470-82-6 
 111337-53-2 
 3741-80-8 
 54-11-5 
 57-24-9 
 64-86-8 
 357-57-3 
 4845-99-2
 5786-97-0
 68239-26-9
 68310-42-9
 302-27-2 
 51-55-8 
 101-31-5 
 51-34-3 
 92-13-7 
 57-47-6 
 71-63-6 
 630-60-4 
 11005-63-3 
 624-83-9 
 556-61-6 
 91-08-7
 584-84-9
 26471-62-5
 4098-71-9 
 5124-30-1 
 16938-22-0
 15646-96-5
 822-06-0 
 4083-64-1 
 420-04-2 
 112-56-1 
 538-75-0 
 6317-18-6 
 2451-62-9 
 79277-18-2 
 83056-32-0 
 1943-82-4 
 47073-92-7 
 77375-79-2 
 640-19-7 
 79-06-1 
 93-71-0 
 1085-98-9 
 1918-16-7 
 110-69-0 
 5836-73-7 
 15263-52-2 
 25366-23-8 
 30043-49-3 
 50563-36-5 
 69581-33-5 
 57966-95-7 
 79-07-2 
 88918-84-7 
 1939-27-1 
 103055-07-8 
 119462-56-5 
 106917-30-0 
 112410-23-8 
 24856-00-6 
 168900-02-5 
 52658-19-2 
 70918-74-0 
 59653-74-6 
 110-05-4 
 80-15-9 
 105-74-8 
 771-29-9 
 80-43-3 
 3457-61-2 
 94-36-0 
 78-18-2 [1]
 2407-94-5 [2]
 2699-11-8 [3]
 12262-58-7 [4] 
 80-47-7 
 116753-76-5 
 104788-63-8 
 895-85-2 
 32144-25-5 
 92045-80-2 
 68476-85-7 
 68476-86-8 
 8006-64-2 
 80-38-6 
 495-73-8 
 6164-98-3 
 5707-69-7 
 19750-95-9 
 12001-28-4
 132207-32-0
 12172-73-5
 77536-66-4
 77536-68-6
 77536-67-5
 12001-29-5
 55-55-0 
 94361-06-5 
 82097-50-5 
 612-82-8
 64969-36-4
 74753-18-7
 612-83-9
 64969-34-2
 74332-73-3 
 531-85-1
 531-86-2
 21136-70-9
 36341-27-2
 615-50-9
 6369-59-1
 2918-23-2
 999-61-1
 25584-83-2
 142-82-5
 108-08-7
 464-06-2
 562-49-2
 565-59-3
 589-34-4
 590-35-2
 591-76-4
 617-78-7
 31394-54-4
 111-65-9
 540-84-1
 560-21-4
 563-16-6
 564-02-3
 565-75-3
 583-48-2
 584-94-1
 589-43-5
 589-53-7
 589-81-1
 590-73-8
 592-13-2
 592-27-8
 594-82-1
 609-26-7
 619-99-8
 1067-08-9
 26635-64-3
 13775-53-6
 15096-52-3